<?xml version="1.0" encoding="UTF-8"?>
<testsuite name="com.fullcycle.admin.catalogo.application.category.create.CreateCategoryUseCaseTest" tests="1" skipped="0" failures="0" errors="0" timestamp="2022-05-31T18:09:40" hostname="PPM-SPO-595360.local" time="0.205">
  <properties/>
  <testcase name="givenAInvalidName_whenCallsCreateCategory_thenShouldReturnDomainException()" classname="com.fullcycle.admin.catalogo.application.category.create.CreateCategoryUseCaseTest" time="0.205"/>
  <system-out><![CDATA[]]></system-out>
  <system-err><![CDATA[]]></system-err>
</testsuite>
