<?xml version="1.0" encoding="UTF-8"?>
<testsuite name="com.fullcycle.admin.catalogo.domain.category.CategoryTest" tests="4" skipped="0" failures="0" errors="0" timestamp="2022-06-08T00:20:46" hostname="PPM-SPO-595360.local" time="0.015">
  <properties/>
  <testcase name="givenInvalidGreaterThaName255_whenCallNewCategoryAndValidate_thenShouldReciverError()" classname="com.fullcycle.admin.catalogo.domain.category.CategoryTest" time="0.013"/>
  <testcase name="givenAvalidParams_whenCallNewCategory_thenInstantiateACategory()" classname="com.fullcycle.admin.catalogo.domain.category.CategoryTest" time="0.001"/>
  <testcase name="givenInvalidEmptyName_whenCallNewCategoryAndValidate_thenShouldReciverError()" classname="com.fullcycle.admin.catalogo.domain.category.CategoryTest" time="0.0"/>
  <testcase name="givenInvalidNullName_whenCallNewCategoryAndValidate_thenShouldReciverError()" classname="com.fullcycle.admin.catalogo.domain.category.CategoryTest" time="0.0"/>
  <system-out><![CDATA[]]></system-out>
  <system-err><![CDATA[]]></system-err>
</testsuite>
