<?xml version="1.0" encoding="UTF-8"?>
<testsuite name="com.fullcycle.admin.catalogo.domain.category.CategoryTest" tests="1" skipped="0" failures="0" errors="0" timestamp="2022-05-26T01:21:30" hostname="PPM-SPO-595360.local" time="0.01">
  <properties/>
  <testcase name="givenInvalidGreaterThaName255_whenCallNewCategoryAndValidate_thenShouldReciverError()" classname="com.fullcycle.admin.catalogo.domain.category.CategoryTest" time="0.01"/>
  <system-out><![CDATA[]]></system-out>
  <system-err><![CDATA[]]></system-err>
</testsuite>
